<?xml version="1.0" encoding="UTF-8"?>
<!-- Generated by org.testng.reporters.JUnitReportReporter -->
<testsuite hostname="innoppl-PC" name="practice.Class2" tests="4" failures="0" timestamp="5 Aug 2017 15:54:12 GMT" time="0.024" errors="0">
  <testcase name="SecondEmployee" time="0.001" classname="practice.Class2"/>
  <testcase name="FirstEmployee" time="0.021" classname="practice.Class2"/>
  <testcase name="SalaryOfTheEmployeeOne" time="0.001" classname="practice.Class2"/>
  <testcase name="data" time="0.001" classname="practice.Class2"/>
</testsuite> <!-- practice.Class2 -->
