<?xml version="1.0" encoding="UTF-8"?>
<!-- Generated by org.testng.reporters.JUnitReportReporter -->
<testsuite hostname="innoppl-PC" name="udemy.AnnotationsDemo1" tests="8" failures="0" timestamp="21 Feb 2019 20:38:46 GMT" time="13.142" errors="1">
  <testcase name="fetchURL" time="0.000" classname="udemy.AnnotationsDemo1">
    <error type="org.testng.TestNGException" message="
Parameter &#039;URL&#039; is required by @Test on method fetchURL but has not been marked @Optional or defined
in C:\SeleniumScriptsGit\Practice\Practice\annotationsDemo1.xml">
      <![CDATA[org.testng.TestNGException: 
Parameter 'URL' is required by @Test on method fetchURL but has not been marked @Optional or defined
in C:\SeleniumScriptsGit\Practice\Practice\annotationsDemo1.xml
	at org.testng.internal.Parameters.createParameters(Parameters.java:148)
	at org.testng.internal.Parameters.createParameters(Parameters.java:361)
	at org.testng.internal.Parameters.handleParameters(Parameters.java:451)
	at org.testng.internal.Invoker.handleParameters(Invoker.java:1269)
	at org.testng.internal.Invoker.createParameters(Invoker.java:985)
	at org.testng.internal.Invoker.invokeTestMethods(Invoker.java:1075)
	at org.testng.internal.TestMethodWorker.invokeTestMethods(TestMethodWorker.java:124)
	at org.testng.internal.TestMethodWorker.run(TestMethodWorker.java:108)
	at java.util.concurrent.ThreadPoolExecutor.runWorker(Unknown Source)
	at java.util.concurrent.ThreadPoolExecutor$Worker.run(Unknown Source)
	at java.lang.Thread.run(Unknown Source)
]]>
    </error>
  </testcase> <!-- fetchURL -->
  <testcase name="confirmationMessage" time="0.001" classname="udemy.AnnotationsDemo1"/>
  <testcase name="createAccountPage" time="0.001" classname="udemy.AnnotationsDemo1"/>
  <testcase name="loginPage" time="0.043" classname="udemy.AnnotationsDemo1"/>
  <testcase name="confirmationMessage" time="0.002" classname="udemy.AnnotationsDemo1"/>
  <testcase name="confirmationMessage" time="0.030" classname="udemy.AnnotationsDemo1"/>
  <testcase name="innoCnt" time="13.064" classname="udemy.AnnotationsDemo1"/>
  <testcase name="forgotPassword" time="0.001" classname="udemy.AnnotationsDemo1"/>
</testsuite> <!-- udemy.AnnotationsDemo1 -->
