<?xml version="1.0" encoding="UTF-8"?>
<!-- Generated by org.testng.reporters.JUnitReportReporter -->
<testsuite hostname="innoppl-PC" name="udemy.AnnotationsPriority" tests="7" failures="0" timestamp="22 Mar 2019 17:55:57 GMT" time="0.029" errors="0">
  <testcase name="recoverPass" time="0.022" classname="udemy.AnnotationsPriority"/>
  <testcase name="forgotPassword" time="0.001" classname="udemy.AnnotationsPriority"/>
  <testcase name="recoverPassword" time="0.002" classname="udemy.AnnotationsPriority"/>
  <testcase name="createAccountPage" time="0.002" classname="udemy.AnnotationsPriority"/>
  <testcase name="enableFalse" time="0.001" classname="udemy.AnnotationsPriority"/>
  <testcase name="confirmationMessage" time="0.000" classname="udemy.AnnotationsPriority"/>
  <testcase name="passRecoPage" time="0.001" classname="udemy.AnnotationsPriority"/>
</testsuite> <!-- udemy.AnnotationsPriority -->
