<?xml version="1.0" encoding="UTF-8"?>
<!-- Generated by org.testng.reporters.JUnitReportReporter -->
<testsuite hostname="innoppl-PC" name="udemy.WriteExcel" tests="1" failures="0" timestamp="13 Mar 2019 14:16:34 GMT" time="31.571" errors="0">
  <testcase name="writeExcel" time="31.571" classname="udemy.WriteExcel"/>
</testsuite> <!-- udemy.WriteExcel -->
