<?xml version="1.0" encoding="UTF-8"?>
<!-- Generated by org.testng.reporters.JUnitReportReporter -->
<testsuite hostname="innoppl-PC" name="practice.Class1" tests="3" failures="0" timestamp="5 Aug 2017 15:37:48 GMT" time="0.021" errors="0">
  <testcase name="FirstEmployee" time="0.019" classname="practice.Class1"/>
  <testcase name="SalaryOfTheEmployeeOne" time="0.001" classname="practice.Class1"/>
  <testcase name="SecondEmployee" time="0.001" classname="practice.Class1"/>
</testsuite> <!-- practice.Class1 -->
